#
# There is insufficient memory for the Java Runtime Environment to continue.
# Native memory allocation (mmap) failed to map 132120576 bytes for Failed to commit area from 0x0000000082400000 to 0x000000008a200000 of length 132120576.
# Possible reasons:
#   The system is out of physical RAM or swap space
#   The process is running with CompressedOops enabled, and the Java Heap may be blocking the growth of the native heap
# Possible solutions:
#   Reduce memory load on the system
#   Increase physical memory or swap space
#   Check if swap backing store is full
#   Decrease Java heap size (-Xmx/-Xms)
#   Decrease number of Java threads
#   Decrease Java thread stack sizes (-Xss)
#   Set larger code cache with -XX:ReservedCodeCacheSize=
#   JVM is running with Unscaled Compressed Oops mode in which the Java heap is
#     placed in the first 4GB address space. The Java Heap base address is the
#     maximum limit for the native heap growth. Please use -XX:HeapBaseMinAddress
#     to set the Java Heap base and to place the Java Heap above 4GB virtual address.
# This output file may be truncated or incomplete.
#
#  Out of Memory Error (t:/workspace/open/src/hotspot/os/windows/os_windows.cpp:3315), pid=3900, tid=9412
#
# JRE version:  (14.0+36) (build )
# Java VM: Java HotSpot(TM) 64-Bit Server VM (14+36-1461, mixed mode, sharing, tiered, compressed oops, g1 gc, windows-amd64)
# No core dump will be written. Minidumps are not enabled by default on client versions of Windows
#

---------------  S U M M A R Y ------------

Command Line: -Dfile.encoding=UTF-8 --module-path=C:\Users\Admin\Documents\NetBeansProjects\QuanLyKaraoke\build\classes View.TrangChu

Host: Intel(R) Core(TM) i5-8265U CPU @ 1.60GHz, 8 cores, 7G,  Windows 10 , 64 bit Build 18362 (10.0.18362.778)
Time: Fri May 29 09:40:47 2020 SE Asia Standard Time elapsed time: 0 seconds (0d 0h 0m 0s)

---------------  T H R E A D  ---------------

Current thread (0x00000221a11db800):  JavaThread "Unknown thread" [_thread_in_vm, id=9412, stack(0x0000006aaa400000,0x0000006aaa500000)]

Stack: [0x0000006aaa400000,0x0000006aaa500000]
Native frames: (J=compiled Java code, j=interpreted, Vv=VM code, C=native code)
V  [jvm.dll+0x5f83ea]
V  [jvm.dll+0x741e2a]
V  [jvm.dll+0x7435df]
V  [jvm.dll+0x743c23]
V  [jvm.dll+0x20d268]
V  [jvm.dll+0x5f579a]
V  [jvm.dll+0x5ea5f5]
V  [jvm.dll+0x2c7e7c]
V  [jvm.dll+0x2c7cb2]
V  [jvm.dll+0x2cdb9c]
V  [jvm.dll+0x313fd8]
V  [jvm.dll+0x313700]
V  [jvm.dll+0x2a090a]
V  [jvm.dll+0x2a1a59]
V  [jvm.dll+0x71f6f8]
V  [jvm.dll+0x321c24]
V  [jvm.dll+0x700aec]
V  [jvm.dll+0x392ddf]
V  [jvm.dll+0x394e51]
C  [jli.dll+0x523b]
C  [ucrtbase.dll+0x20e82]
C  [KERNEL32.DLL+0x17bd4]
C  [ntdll.dll+0x6ce51]


---------------  P R O C E S S  ---------------

Threads class SMR info:
_java_thread_list=0x00007ffe26344078, length=0, elements={
}

Java Threads: ( => current thread )

Other Threads:
  0x00000221a121d800 GCTaskThread "GC Thread#0" [stack: 0x0000006aaa500000,0x0000006aaa600000] [id=584]
  0x00000221a122f800 ConcurrentGCThread "G1 Main Marker" [stack: 0x0000006aaa600000,0x0000006aaa700000] [id=14948]
  0x00000221a1231800 ConcurrentGCThread "G1 Conc#0" [stack: 0x0000006aaa700000,0x0000006aaa800000] [id=7292]

[error occurred during error reporting (printing all threads), id 0xc0000005, EXCEPTION_ACCESS_VIOLATION (0xc0000005) at pc=0x00007ffe25b71237]

VM state:not at safepoint (not fully initialized)

VM Mutex/Monitor currently owned by a thread:  ([mutex/lock_event])
[0x00000221a11d7000] Heap_lock - owner thread: 0x00000221a11db800

Heap address: 0x0000000082400000, size: 2012 MB, Compressed Oops mode: 32-bit
Narrow klass base: 0x0000000000000000, Narrow klass shift: 0

GC Heap History (0 events):
No events

Deoptimization events (0 events):
No events

Classes unloaded (0 events):
No events

Classes redefined (0 events):
No events

Internal exceptions (0 events):
No events

Events (2 events):
Event: 0.007 Loaded shared library C:\Program Files\Java\jdk-14\bin\java.dll
Event: 0.008 Loaded shared library C:\Program Files\Java\jdk-14\bin\zip.dll


Dynamic libraries:
0x00007ff711c90000 - 0x00007ff711c9f000 	C:\Program Files\Java\jdk-14\bin\java.exe
0x00007ffe7e600000 - 0x00007ffe7e7f0000 	C:\WINDOWS\SYSTEM32\ntdll.dll
0x00007ffe7d710000 - 0x00007ffe7d7c2000 	C:\WINDOWS\System32\KERNEL32.DLL
0x00007ffe7b9d0000 - 0x00007ffe7bc74000 	C:\WINDOWS\System32\KERNELBASE.dll
0x00007ffe7b590000 - 0x00007ffe7b68a000 	C:\WINDOWS\System32\ucrtbase.dll
0x00007ffe71620000 - 0x00007ffe71635000 	C:\Program Files\Java\jdk-14\bin\VCRUNTIME140.dll
0x00007ffe65060000 - 0x00007ffe65078000 	C:\Program Files\Java\jdk-14\bin\jli.dll
0x00007ffe7e510000 - 0x00007ffe7e5b3000 	C:\WINDOWS\System32\ADVAPI32.dll
0x00007ffe7d4d0000 - 0x00007ffe7d56e000 	C:\WINDOWS\System32\msvcrt.dll
0x00007ffe7d670000 - 0x00007ffe7d707000 	C:\WINDOWS\System32\sechost.dll
0x00007ffe7dd70000 - 0x00007ffe7de90000 	C:\WINDOWS\System32\RPCRT4.dll
0x00007ffe7c900000 - 0x00007ffe7ca94000 	C:\WINDOWS\System32\USER32.dll
0x00007ffe66e90000 - 0x00007ffe67114000 	C:\WINDOWS\WinSxS\amd64_microsoft.windows.common-controls_6595b64144ccf1df_6.0.18362.836_none_e6c4b943130f18ed\COMCTL32.dll
0x00007ffe7b6c0000 - 0x00007ffe7b6e1000 	C:\WINDOWS\System32\win32u.dll
0x00007ffe7caa0000 - 0x00007ffe7cdd6000 	C:\WINDOWS\System32\combase.dll
0x00007ffe7d640000 - 0x00007ffe7d666000 	C:\WINDOWS\System32\GDI32.dll
0x00007ffe7b790000 - 0x00007ffe7b924000 	C:\WINDOWS\System32\gdi32full.dll
0x00007ffe7b930000 - 0x00007ffe7b9b0000 	C:\WINDOWS\System32\bcryptPrimitives.dll
0x00007ffe7b6f0000 - 0x00007ffe7b78e000 	C:\WINDOWS\System32\msvcp_win.dll
0x00007ffe719e0000 - 0x00007ffe719ea000 	C:\WINDOWS\SYSTEM32\VERSION.dll
0x00007ffe7d850000 - 0x00007ffe7d87e000 	C:\WINDOWS\System32\IMM32.DLL
0x00007ffe714b0000 - 0x00007ffe7154b000 	C:\Program Files\Java\jdk-14\bin\msvcp140.dll
0x00007ffe258c0000 - 0x00007ffe263df000 	C:\Program Files\Java\jdk-14\bin\server\jvm.dll
0x00007ffe7db40000 - 0x00007ffe7db48000 	C:\WINDOWS\System32\PSAPI.DLL
0x00007ffe74c90000 - 0x00007ffe74cb4000 	C:\WINDOWS\SYSTEM32\WINMM.dll
0x00007ffe74d20000 - 0x00007ffe74d29000 	C:\WINDOWS\SYSTEM32\WSOCK32.dll
0x00007ffe7e4a0000 - 0x00007ffe7e50f000 	C:\WINDOWS\System32\WS2_32.dll
0x00007ffe74c60000 - 0x00007ffe74c8d000 	C:\WINDOWS\SYSTEM32\winmmbase.dll
0x00007ffe7bee0000 - 0x00007ffe7bf2a000 	C:\WINDOWS\System32\cfgmgr32.dll
0x00007ffe7b540000 - 0x00007ffe7b551000 	C:\WINDOWS\System32\kernel.appcore.dll
0x00007ffe74d10000 - 0x00007ffe74d1a000 	C:\Program Files\Java\jdk-14\bin\jimage.dll
0x00007ffe76d90000 - 0x00007ffe76f84000 	C:\WINDOWS\SYSTEM32\DBGHELP.DLL
0x00007ffe5b880000 - 0x00007ffe5b8aa000 	C:\WINDOWS\SYSTEM32\dbgcore.DLL
0x00007ffe715b0000 - 0x00007ffe715d5000 	C:\Program Files\Java\jdk-14\bin\java.dll
0x00007ffe71590000 - 0x00007ffe715a7000 	C:\Program Files\Java\jdk-14\bin\zip.dll

dbghelp: loaded successfully - version: 4.0.5 - missing functions: none
symbol engine: initialized successfully - sym options: 0x614 - pdb path: .;C:\Program Files\Java\jdk-14\bin;C:\WINDOWS\SYSTEM32;C:\WINDOWS\WinSxS\amd64_microsoft.windows.common-controls_6595b64144ccf1df_6.0.18362.836_none_e6c4b943130f18ed;C:\Program Files\Java\jdk-14\bin\server

VM Arguments:
jvm_args: -Dfile.encoding=UTF-8 --module-path=C:\Users\Admin\Documents\NetBeansProjects\QuanLyKaraoke\build\classes 
java_command: View.TrangChu
java_class_path (initial): C:\Program Files\NetBeans-11.3\netbeans\java\modules\ext\AbsoluteLayout.jar;C:\Users\Admin\Desktop\enu\mssql-jdbc-8.2.0.jre8.jar;C:\Users\Admin\Desktop\jcalendar-tz-1.3.3-4.jar;C:\Users\Admin\Documents\NetBeansProjects\QuanLyKaraoke\build\classes
Launcher Type: SUN_STANDARD

[Global flags]
     intx CICompilerCount                          = 4                                         {product} {ergonomic}
     uint ConcGCThreads                            = 2                                         {product} {ergonomic}
     uint G1ConcRefinementThreads                  = 8                                         {product} {ergonomic}
   size_t G1HeapRegionSize                         = 1048576                                   {product} {ergonomic}
    uintx GCDrainStackTargetSize                   = 64                                        {product} {ergonomic}
   size_t InitialHeapSize                          = 132120576                                 {product} {ergonomic}
   size_t MarkStackSize                            = 4194304                                   {product} {ergonomic}
   size_t MaxHeapSize                              = 2109734912                                {product} {ergonomic}
   size_t MinHeapDeltaBytes                        = 1048576                                   {product} {ergonomic}
   size_t MinHeapSize                              = 8388608                                   {product} {ergonomic}
    uintx NonNMethodCodeHeapSize                   = 5839372                                {pd product} {ergonomic}
    uintx NonProfiledCodeHeapSize                  = 122909434                              {pd product} {ergonomic}
    uintx ProfiledCodeHeapSize                     = 122909434                              {pd product} {ergonomic}
    uintx ReservedCodeCacheSize                    = 251658240                              {pd product} {ergonomic}
     bool SegmentedCodeCache                       = true                                      {product} {ergonomic}
   size_t SoftMaxHeapSize                          = 2109734912                             {manageable} {ergonomic}
     bool UseCompressedClassPointers               = true                                 {lp64_product} {ergonomic}
     bool UseCompressedOops                        = true                                 {lp64_product} {ergonomic}
     bool UseG1GC                                  = true                                      {product} {ergonomic}
     bool UseLargePagesIndividualAllocation        = false                                  {pd product} {ergonomic}

Logging:
Log output configuration:
 #0: stdout all=warning uptime,level,tags
 #1: stderr all=off uptime,level,tags

Environment Variables:
JAVA_HOME=C:\Program Files\Java\jdk-14
CLASSPATH=C:\Program Files\Java\jdk-14\lib
PATH=C:\Program Files\AdoptOpenJDK\jdk-11.0.6.10-hotspot\bin;C:\WINDOWS\system32;C:\WINDOWS;C:\WINDOWS\System32\Wbem;C:\WINDOWS\System32\WindowsPowerShell\v1.0\;C:\WINDOWS\System32\OpenSSH\;C:\Program Files\Intel\WiFi\bin\;C:\Program Files\Common Files\Intel\WirelessCommon\;C:\Program Files\dotnet\;C:\Program Files\Microsoft SQL Server\Client SDK\ODBC\170\Tools\Binn\;C:\Program Files (x86)\Microsoft SQL Server\150\DTS\Binn\;C:\Program Files (x86)\Microsoft SQL Server\150\Tools\Binn\;C:\Program Files\Microsoft SQL Server\150\Tools\Binn\;C:\Program Files\Microsoft SQL Server\150\DTS\Binn\;C:\Program Files\Java\jdk-14\bin
USERNAME=Admin
OS=Windows_NT
PROCESSOR_IDENTIFIER=Intel64 Family 6 Model 142 Stepping 12, GenuineIntel



---------------  S Y S T E M  ---------------

OS: Windows 10 , 64 bit Build 18362 (10.0.18362.778)
OS uptime: 0 days 13:28 hours

CPU:total 8 (initial active 8) (4 cores per cpu, 2 threads per core) family 6 model 142 stepping 12, cmov, cx8, fxsr, mmx, sse, sse2, sse3, ssse3, sse4.1, sse4.2, popcnt, avx, avx2, aes, clmul, erms, 3dnowpref, lzcnt, ht, tsc, tscinvbit, bmi1, bmi2, adx, fma

Memory: 4k page, system-wide physical 8043M (977M free)
TotalPageFile size 32619M (AvailPageFile size 129M)
current process WorkingSet (physical memory assigned to process): 10M, peak: 10M
current process commit charge ("private bytes"): 60M, peak: 186M

vm_info: Java HotSpot(TM) 64-Bit Server VM (14+36-1461) for windows-amd64 JRE (14+36-1461), built on Feb  6 2020 19:08:04 by "mach5one" with MS VC++ 15.9 (VS2017)

END.
